<?xml version="1.0" encoding="UTF-8"?>
<testng-results ignored="0" total="1" passed="1" failed="0" skipped="0">
  <reporter-output>
  </reporter-output>
  <suite started-at="2023-04-15T22:51:05 IST" name="Default suite" finished-at="2023-04-15T22:51:16 IST" duration-ms="10932">
    <groups>
    </groups>
    <test started-at="2023-04-15T22:51:05 IST" name="Default test" finished-at="2023-04-15T22:51:16 IST" duration-ms="10932">
      <class name="wtest.wtest">
        <test-method signature="Browser2()[pri:0, instance:wtest.wtest@4ec4f3a0]" started-at="2023-04-15T22:51:05 IST" name="Browser2" finished-at="2023-04-15T22:51:16 IST" duration-ms="10853" status="PASS">
          <reporter-output>
          </reporter-output>
        </test-method> <!-- Browser2 -->
      </class> <!-- wtest.wtest -->
    </test> <!-- Default test -->
  </suite> <!-- Default suite -->
</testng-results>
