<?xml version="1.0" encoding="UTF-8"?>
<testng-results ignored="0" total="1" passed="1" failed="0" skipped="0">
  <reporter-output>
  </reporter-output>
  <suite started-at="2023-04-14T21:06:13 IST" name="Default suite" finished-at="2023-04-14T21:06:34 IST" duration-ms="20494">
    <groups>
    </groups>
    <test started-at="2023-04-14T21:06:13 IST" name="Default test" finished-at="2023-04-14T21:06:34 IST" duration-ms="20494">
      <class name="wtest.wtestrun">
        <test-method signature="Browser1()[pri:0, instance:wtest.wtestrun@1623b78d]" started-at="2023-04-14T21:06:13 IST" name="Browser1" finished-at="2023-04-14T21:06:34 IST" duration-ms="20361" status="PASS">
          <reporter-output>
          </reporter-output>
        </test-method> <!-- Browser1 -->
      </class> <!-- wtest.wtestrun -->
    </test> <!-- Default test -->
  </suite> <!-- Default suite -->
</testng-results>
